2019-03-14 14:41:28,693 ruslans-mac-mini core-dev.jar[95066] INFO  [io.qua.dep.QuarkusAugmentor] (main) Beginning quarkus augmentation
2019-03-14 14:41:28,912 ruslans-mac-mini core-dev.jar[95066] DEBUG [org.jbo.threads] (main) JBoss Threads version 3.0.0.Alpha4
2019-03-14 14:41:29,627 ruslans-mac-mini core-dev.jar[95066] INFO  [io.qua.arc.pro.BeanProcessor] (build-9) Found unrecommended usage of private members (use package-private instead) in application beans:
	- @Inject field com.ruslanlesko.pichub.core.controller.PictureHandler#pictureDao
2019-03-14 14:41:29,826 ruslans-mac-mini core-dev.jar[95066] INFO  [io.qua.dep.QuarkusAugmentor] (main) Quarkus augmentation completed in 1133ms
2019-03-14 14:41:30,228 ruslans-mac-mini core-dev.jar[95066] DEBUG [org.xnio] (main) XNIO version 3.6.5.Final
2019-03-14 14:41:30,251 ruslans-mac-mini core-dev.jar[95066] DEBUG [org.xni.nio] (main) XNIO NIO Implementation Version 3.6.5.Final
2019-03-14 14:41:30,397 ruslans-mac-mini core-dev.jar[95066] INFO  [io.quarkus] (main) Quarkus 0.11.0 started in 1.851s. Listening on: http://127.0.0.1:8080
2019-03-14 14:41:30,398 ruslans-mac-mini core-dev.jar[95066] INFO  [io.quarkus] (main) Installed features: [cdi, resteasy]
2019-03-14 15:33:15,413 ruslans-mac-mini core-dev.jar[95655] INFO  [io.qua.dep.QuarkusAugmentor] (main) Beginning quarkus augmentation
2019-03-14 15:33:15,629 ruslans-mac-mini core-dev.jar[95655] DEBUG [org.jbo.threads] (main) JBoss Threads version 3.0.0.Alpha4
2019-03-14 15:33:16,211 ruslans-mac-mini core-dev.jar[95655] INFO  [io.qua.arc.pro.BeanProcessor] (build-8) Found unrecommended usage of private members (use package-private instead) in application beans:
	- @Inject field com.ruslanlesko.pichub.core.controller.PictureHandler#pictureDao
2019-03-14 15:33:16,404 ruslans-mac-mini core-dev.jar[95655] INFO  [io.qua.dep.QuarkusAugmentor] (main) Quarkus augmentation completed in 990ms
2019-03-14 15:33:16,859 ruslans-mac-mini core-dev.jar[95655] DEBUG [org.xnio] (main) XNIO version 3.6.5.Final
2019-03-14 15:33:16,881 ruslans-mac-mini core-dev.jar[95655] DEBUG [org.xni.nio] (main) XNIO NIO Implementation Version 3.6.5.Final
2019-03-14 15:33:17,035 ruslans-mac-mini core-dev.jar[95655] INFO  [io.quarkus] (main) Quarkus 0.11.0 started in 1.768s. Listening on: http://127.0.0.1:8080
2019-03-14 15:33:17,036 ruslans-mac-mini core-dev.jar[95655] INFO  [io.quarkus] (main) Installed features: [cdi, resteasy]
2019-03-14 15:33:40,991 ruslans-mac-mini core-dev.jar[95655] ERROR [org.jbo.res.res.i18n] (XNIO-1 task-1) RESTEASY002005: Failed executing GET /pic/1: org.jboss.resteasy.core.NoMessageBodyWriterFoundFailure: Could not find MessageBodyWriter for response object of type: java.util.ArrayList of media type: application/json
	at org.jboss.resteasy.core.ServerResponseWriter.lambda$writeNomapResponse$2(ServerResponseWriter.java:106)
	at org.jboss.resteasy.core.interception.jaxrs.ContainerResponseContextImpl.filter(ContainerResponseContextImpl.java:405)
	at org.jboss.resteasy.core.ServerResponseWriter.executeFilters(ServerResponseWriter.java:219)
	at org.jboss.resteasy.core.ServerResponseWriter.writeNomapResponse(ServerResponseWriter.java:83)
	at org.jboss.resteasy.core.ServerResponseWriter.writeNomapResponse(ServerResponseWriter.java:57)
	at org.jboss.resteasy.core.SynchronousDispatcher.writeResponse(SynchronousDispatcher.java:576)
	at org.jboss.resteasy.core.SynchronousDispatcher.invoke(SynchronousDispatcher.java:506)
	at org.jboss.resteasy.core.SynchronousDispatcher.lambda$invoke$4(SynchronousDispatcher.java:252)
	at org.jboss.resteasy.core.SynchronousDispatcher.lambda$preprocess$0(SynchronousDispatcher.java:153)
	at org.jboss.resteasy.core.interception.jaxrs.PreMatchContainerRequestContext.filter(PreMatchContainerRequestContext.java:362)
	at org.jboss.resteasy.core.SynchronousDispatcher.preprocess(SynchronousDispatcher.java:156)
	at org.jboss.resteasy.core.SynchronousDispatcher.invoke(SynchronousDispatcher.java:238)
	at org.jboss.resteasy.plugins.server.servlet.ServletContainerDispatcher.service(ServletContainerDispatcher.java:229)
	at io.quarkus.resteasy.runtime.ResteasyFilter$ResteasyResponseWrapper.sendError(ResteasyFilter.java:72)
	at io.undertow.servlet.handlers.DefaultServlet.doGet(DefaultServlet.java:173)
	at javax.servlet.http.HttpServlet.service(HttpServlet.java:686)
	at javax.servlet.http.HttpServlet.service(HttpServlet.java:791)
	at io.undertow.servlet.handlers.ServletHandler.handleRequest(ServletHandler.java:74)
	at io.undertow.servlet.handlers.FilterHandler$FilterChainImpl.doFilter(FilterHandler.java:129)
	at io.quarkus.resteasy.runtime.ResteasyFilter.doFilter(ResteasyFilter.java:43)
	at io.undertow.servlet.core.ManagedFilter.doFilter(ManagedFilter.java:61)
	at io.undertow.servlet.handlers.FilterHandler$FilterChainImpl.doFilter(FilterHandler.java:131)
	at io.undertow.servlet.handlers.FilterHandler.handleRequest(FilterHandler.java:84)
	at io.undertow.servlet.handlers.security.ServletSecurityRoleHandler.handleRequest(ServletSecurityRoleHandler.java:62)
	at io.undertow.servlet.handlers.ServletChain$1.handleRequest(ServletChain.java:68)
	at io.undertow.servlet.handlers.ServletDispatchingHandler.handleRequest(ServletDispatchingHandler.java:36)
	at io.undertow.servlet.handlers.security.SSLInformationAssociationHandler.handleRequest(SSLInformationAssociationHandler.java:132)
	at io.undertow.servlet.handlers.security.ServletAuthenticationCallHandler.handleRequest(ServletAuthenticationCallHandler.java:57)
	at io.undertow.server.handlers.PredicateHandler.handleRequest(PredicateHandler.java:43)
	at io.undertow.security.handlers.AbstractConfidentialityHandler.handleRequest(AbstractConfidentialityHandler.java:46)
	at io.undertow.servlet.handlers.security.ServletConfidentialityConstraintHandler.handleRequest(ServletConfidentialityConstraintHandler.java:64)
	at io.undertow.security.handlers.AuthenticationMechanismsHandler.handleRequest(AuthenticationMechanismsHandler.java:60)
	at io.undertow.servlet.handlers.security.CachedAuthenticatedSessionHandler.handleRequest(CachedAuthenticatedSessionHandler.java:77)
	at io.undertow.security.handlers.AbstractSecurityContextAssociationHandler.handleRequest(AbstractSecurityContextAssociationHandler.java:43)
	at io.undertow.server.handlers.PredicateHandler.handleRequest(PredicateHandler.java:43)
	at io.undertow.server.handlers.PredicateHandler.handleRequest(PredicateHandler.java:43)
	at io.undertow.servlet.handlers.ServletInitialHandler.handleFirstRequest(ServletInitialHandler.java:292)
	at io.undertow.servlet.handlers.ServletInitialHandler.access$100(ServletInitialHandler.java:81)
	at io.undertow.servlet.handlers.ServletInitialHandler$2.call(ServletInitialHandler.java:138)
	at io.undertow.servlet.handlers.ServletInitialHandler$2.call(ServletInitialHandler.java:135)
	at io.undertow.servlet.core.ServletRequestContextThreadSetupAction$1.call(ServletRequestContextThreadSetupAction.java:48)
	at io.undertow.servlet.core.ContextClassLoaderSetupAction$1.call(ContextClassLoaderSetupAction.java:43)
	at io.quarkus.undertow.runtime.UndertowDeploymentTemplate$7$1$1.call(UndertowDeploymentTemplate.java:415)
	at io.undertow.servlet.handlers.ServletInitialHandler.dispatchRequest(ServletInitialHandler.java:272)
	at io.undertow.servlet.handlers.ServletInitialHandler.handleRequest(ServletInitialHandler.java:197)
	at io.undertow.server.handlers.HttpContinueReadHandler.handleRequest(HttpContinueReadHandler.java:65)
	at io.quarkus.undertow.runtime.UndertowDeploymentTemplate$1.handleRequest(UndertowDeploymentTemplate.java:88)
	at io.undertow.server.handlers.CanonicalPathHandler.handleRequest(CanonicalPathHandler.java:49)
	at io.quarkus.undertow.deployment.devmode.UndertowHotReplacementSetup.handleHotDeploymentRequest(UndertowHotReplacementSetup.java:64)
	at io.quarkus.undertow.deployment.devmode.UndertowHotReplacementSetup$1$1.handleRequest(UndertowHotReplacementSetup.java:35)
	at io.undertow.server.Connectors.executeRootHandler(Connectors.java:364)
	at io.undertow.server.HttpServerExchange$1.run(HttpServerExchange.java:830)
	at org.jboss.threads.ContextClassLoaderSavingRunnable.run(ContextClassLoaderSavingRunnable.java:35)
	at org.jboss.threads.EnhancedQueueExecutor.safeRun(EnhancedQueueExecutor.java:1998)
	at org.jboss.threads.EnhancedQueueExecutor$ThreadBody.doRunTask(EnhancedQueueExecutor.java:1525)
	at org.jboss.threads.EnhancedQueueExecutor$ThreadBody.run(EnhancedQueueExecutor.java:1382)
	at java.base/java.lang.Thread.run(Thread.java:834)

2019-03-14 15:35:58,417 ruslans-mac-mini core-dev.jar[95700] INFO  [io.qua.dep.QuarkusAugmentor] (main) Beginning quarkus augmentation
2019-03-14 15:35:58,833 ruslans-mac-mini core-dev.jar[95700] DEBUG [org.jbo.threads] (main) JBoss Threads version 3.0.0.Alpha4
2019-03-14 15:35:59,908 ruslans-mac-mini core-dev.jar[95700] INFO  [io.qua.arc.pro.BeanProcessor] (build-1) Found unrecommended usage of private members (use package-private instead) in application beans:
	- @Inject field com.ruslanlesko.pichub.core.controller.PictureHandler#pictureDao
2019-03-14 15:36:00,265 ruslans-mac-mini core-dev.jar[95700] INFO  [io.qua.dep.QuarkusAugmentor] (main) Quarkus augmentation completed in 1848ms
2019-03-14 15:36:00,850 ruslans-mac-mini core-dev.jar[95700] DEBUG [org.xnio] (main) XNIO version 3.6.5.Final
2019-03-14 15:36:00,874 ruslans-mac-mini core-dev.jar[95700] DEBUG [org.xni.nio] (main) XNIO NIO Implementation Version 3.6.5.Final
2019-03-14 15:36:01,047 ruslans-mac-mini core-dev.jar[95700] INFO  [io.quarkus] (main) Quarkus 0.11.0 started in 2.832s. Listening on: http://127.0.0.1:8080
2019-03-14 15:36:01,048 ruslans-mac-mini core-dev.jar[95700] INFO  [io.quarkus] (main) Installed features: [cdi, resteasy]
2019-03-14 15:36:14,694 ruslans-mac-mini core-dev.jar[95700] ERROR [io.und.request] (XNIO-1 task-1) UT005023: Exception handling request to /pic/1: java.lang.NoClassDefFoundError: org/jboss/resteasy/util/FindAnnotation
	at org.jboss.resteasy.plugins.providers.jackson.ResteasyJacksonProvider.isWriteable(ResteasyJacksonProvider.java:42)
	at org.jboss.resteasy.core.ResteasyProviderFactoryImpl.resolveMessageBodyWriter(ResteasyProviderFactoryImpl.java:2176)
	at org.jboss.resteasy.core.ResteasyProviderFactoryImpl.getMessageBodyWriter(ResteasyProviderFactoryImpl.java:2147)
	at org.jboss.resteasy.core.ServerResponseWriter.lambda$writeNomapResponse$2(ServerResponseWriter.java:99)
	at org.jboss.resteasy.core.interception.jaxrs.ContainerResponseContextImpl.filter(ContainerResponseContextImpl.java:405)
	at org.jboss.resteasy.core.ServerResponseWriter.executeFilters(ServerResponseWriter.java:219)
	at org.jboss.resteasy.core.ServerResponseWriter.writeNomapResponse(ServerResponseWriter.java:83)
	at org.jboss.resteasy.core.ServerResponseWriter.writeNomapResponse(ServerResponseWriter.java:57)
	at org.jboss.resteasy.core.SynchronousDispatcher.writeResponse(SynchronousDispatcher.java:576)
	at org.jboss.resteasy.core.SynchronousDispatcher.invoke(SynchronousDispatcher.java:506)
	at org.jboss.resteasy.core.SynchronousDispatcher.lambda$invoke$4(SynchronousDispatcher.java:252)
	at org.jboss.resteasy.core.SynchronousDispatcher.lambda$preprocess$0(SynchronousDispatcher.java:153)
	at org.jboss.resteasy.core.interception.jaxrs.PreMatchContainerRequestContext.filter(PreMatchContainerRequestContext.java:362)
	at org.jboss.resteasy.core.SynchronousDispatcher.preprocess(SynchronousDispatcher.java:156)
	at org.jboss.resteasy.core.SynchronousDispatcher.invoke(SynchronousDispatcher.java:238)
	at org.jboss.resteasy.plugins.server.servlet.ServletContainerDispatcher.service(ServletContainerDispatcher.java:229)
	at io.quarkus.resteasy.runtime.ResteasyFilter$ResteasyResponseWrapper.sendError(ResteasyFilter.java:72)
	at io.undertow.servlet.handlers.DefaultServlet.doGet(DefaultServlet.java:173)
	at javax.servlet.http.HttpServlet.service(HttpServlet.java:686)
	at javax.servlet.http.HttpServlet.service(HttpServlet.java:791)
	at io.undertow.servlet.handlers.ServletHandler.handleRequest(ServletHandler.java:74)
	at io.undertow.servlet.handlers.FilterHandler$FilterChainImpl.doFilter(FilterHandler.java:129)
	at io.quarkus.resteasy.runtime.ResteasyFilter.doFilter(ResteasyFilter.java:43)
	at io.undertow.servlet.core.ManagedFilter.doFilter(ManagedFilter.java:61)
	at io.undertow.servlet.handlers.FilterHandler$FilterChainImpl.doFilter(FilterHandler.java:131)
	at io.undertow.servlet.handlers.FilterHandler.handleRequest(FilterHandler.java:84)
	at io.undertow.servlet.handlers.security.ServletSecurityRoleHandler.handleRequest(ServletSecurityRoleHandler.java:62)
	at io.undertow.servlet.handlers.ServletChain$1.handleRequest(ServletChain.java:68)
	at io.undertow.servlet.handlers.ServletDispatchingHandler.handleRequest(ServletDispatchingHandler.java:36)
	at io.undertow.servlet.handlers.security.SSLInformationAssociationHandler.handleRequest(SSLInformationAssociationHandler.java:132)
	at io.undertow.servlet.handlers.security.ServletAuthenticationCallHandler.handleRequest(ServletAuthenticationCallHandler.java:57)
	at io.undertow.server.handlers.PredicateHandler.handleRequest(PredicateHandler.java:43)
	at io.undertow.security.handlers.AbstractConfidentialityHandler.handleRequest(AbstractConfidentialityHandler.java:46)
	at io.undertow.servlet.handlers.security.ServletConfidentialityConstraintHandler.handleRequest(ServletConfidentialityConstraintHandler.java:64)
	at io.undertow.security.handlers.AuthenticationMechanismsHandler.handleRequest(AuthenticationMechanismsHandler.java:60)
	at io.undertow.servlet.handlers.security.CachedAuthenticatedSessionHandler.handleRequest(CachedAuthenticatedSessionHandler.java:77)
	at io.undertow.security.handlers.AbstractSecurityContextAssociationHandler.handleRequest(AbstractSecurityContextAssociationHandler.java:43)
	at io.undertow.server.handlers.PredicateHandler.handleRequest(PredicateHandler.java:43)
	at io.undertow.server.handlers.PredicateHandler.handleRequest(PredicateHandler.java:43)
	at io.undertow.servlet.handlers.ServletInitialHandler.handleFirstRequest(ServletInitialHandler.java:292)
	at io.undertow.servlet.handlers.ServletInitialHandler.access$100(ServletInitialHandler.java:81)
	at io.undertow.servlet.handlers.ServletInitialHandler$2.call(ServletInitialHandler.java:138)
	at io.undertow.servlet.handlers.ServletInitialHandler$2.call(ServletInitialHandler.java:135)
	at io.undertow.servlet.core.ServletRequestContextThreadSetupAction$1.call(ServletRequestContextThreadSetupAction.java:48)
	at io.undertow.servlet.core.ContextClassLoaderSetupAction$1.call(ContextClassLoaderSetupAction.java:43)
	at io.quarkus.undertow.runtime.UndertowDeploymentTemplate$7$1$1.call(UndertowDeploymentTemplate.java:415)
	at io.undertow.servlet.handlers.ServletInitialHandler.dispatchRequest(ServletInitialHandler.java:272)
	at io.undertow.servlet.handlers.ServletInitialHandler.handleRequest(ServletInitialHandler.java:197)
	at io.undertow.server.handlers.HttpContinueReadHandler.handleRequest(HttpContinueReadHandler.java:65)
	at io.quarkus.undertow.runtime.UndertowDeploymentTemplate$1.handleRequest(UndertowDeploymentTemplate.java:88)
	at io.undertow.server.handlers.CanonicalPathHandler.handleRequest(CanonicalPathHandler.java:49)
	at io.quarkus.undertow.deployment.devmode.UndertowHotReplacementSetup.handleHotDeploymentRequest(UndertowHotReplacementSetup.java:64)
	at io.quarkus.undertow.deployment.devmode.UndertowHotReplacementSetup$1$1.handleRequest(UndertowHotReplacementSetup.java:35)
	at io.undertow.server.Connectors.executeRootHandler(Connectors.java:364)
	at io.undertow.server.HttpServerExchange$1.run(HttpServerExchange.java:830)
	at org.jboss.threads.ContextClassLoaderSavingRunnable.run(ContextClassLoaderSavingRunnable.java:35)
	at org.jboss.threads.EnhancedQueueExecutor.safeRun(EnhancedQueueExecutor.java:1998)
	at org.jboss.threads.EnhancedQueueExecutor$ThreadBody.doRunTask(EnhancedQueueExecutor.java:1525)
	at org.jboss.threads.EnhancedQueueExecutor$ThreadBody.run(EnhancedQueueExecutor.java:1382)
	at java.base/java.lang.Thread.run(Thread.java:834)
Caused by: java.lang.ClassNotFoundException: org.jboss.resteasy.util.FindAnnotation
	at java.base/jdk.internal.loader.BuiltinClassLoader.loadClass(BuiltinClassLoader.java:583)
	at java.base/jdk.internal.loader.ClassLoaders$AppClassLoader.loadClass(ClassLoaders.java:178)
	at java.base/java.lang.ClassLoader.loadClass(ClassLoader.java:521)
	... 60 more

2019-03-14 15:41:42,243 ruslans-mac-mini core-dev.jar[95768] INFO  [io.qua.dep.QuarkusAugmentor] (main) Beginning quarkus augmentation
2019-03-14 15:41:42,440 ruslans-mac-mini core-dev.jar[95768] DEBUG [org.jbo.threads] (main) JBoss Threads version 3.0.0.Alpha4
2019-03-14 15:41:43,064 ruslans-mac-mini core-dev.jar[95768] INFO  [io.qua.arc.pro.BeanProcessor] (build-10) Found unrecommended usage of private members (use package-private instead) in application beans:
	- @Inject field com.ruslanlesko.pichub.core.controller.PictureHandler#pictureDao
2019-03-14 15:41:43,272 ruslans-mac-mini core-dev.jar[95768] INFO  [io.qua.dep.QuarkusAugmentor] (main) Quarkus augmentation completed in 1029ms
2019-03-14 15:41:43,664 ruslans-mac-mini core-dev.jar[95768] DEBUG [org.xnio] (main) XNIO version 3.6.5.Final
2019-03-14 15:41:43,685 ruslans-mac-mini core-dev.jar[95768] DEBUG [org.xni.nio] (main) XNIO NIO Implementation Version 3.6.5.Final
2019-03-14 15:41:43,829 ruslans-mac-mini core-dev.jar[95768] INFO  [io.quarkus] (main) Quarkus 0.11.0 started in 1.734s. Listening on: http://127.0.0.1:8080
2019-03-14 15:41:43,830 ruslans-mac-mini core-dev.jar[95768] INFO  [io.quarkus] (main) Installed features: [cdi, resteasy]
2019-03-14 15:41:44,828 ruslans-mac-mini core-dev.jar[95768] ERROR [io.und.request] (XNIO-1 task-1) UT005023: Exception handling request to /pic/1: java.lang.IncompatibleClassChangeError: Expected static method org.jboss.resteasy.spi.ResteasyProviderFactory.getContextData(Ljava/lang/Class;)Ljava/lang/Object;
	at org.jboss.resteasy.plugins.interceptors.encoding.MessageSanitizerContainerResponseFilter.filter(MessageSanitizerContainerResponseFilter.java:34)
	at org.jboss.resteasy.core.interception.jaxrs.ContainerResponseContextImpl.filter(ContainerResponseContextImpl.java:362)
	at org.jboss.resteasy.core.ServerResponseWriter.executeFilters(ServerResponseWriter.java:219)
	at org.jboss.resteasy.core.ServerResponseWriter.writeNomapResponse(ServerResponseWriter.java:83)
	at org.jboss.resteasy.core.ServerResponseWriter.writeNomapResponse(ServerResponseWriter.java:57)
	at org.jboss.resteasy.core.SynchronousDispatcher.writeResponse(SynchronousDispatcher.java:576)
	at org.jboss.resteasy.core.SynchronousDispatcher.invoke(SynchronousDispatcher.java:506)
	at org.jboss.resteasy.core.SynchronousDispatcher.lambda$invoke$4(SynchronousDispatcher.java:252)
	at org.jboss.resteasy.core.SynchronousDispatcher.lambda$preprocess$0(SynchronousDispatcher.java:153)
	at org.jboss.resteasy.core.interception.jaxrs.PreMatchContainerRequestContext.filter(PreMatchContainerRequestContext.java:362)
	at org.jboss.resteasy.core.SynchronousDispatcher.preprocess(SynchronousDispatcher.java:156)
	at org.jboss.resteasy.core.SynchronousDispatcher.invoke(SynchronousDispatcher.java:238)
	at org.jboss.resteasy.plugins.server.servlet.ServletContainerDispatcher.service(ServletContainerDispatcher.java:229)
	at io.quarkus.resteasy.runtime.ResteasyFilter$ResteasyResponseWrapper.sendError(ResteasyFilter.java:72)
	at io.undertow.servlet.handlers.DefaultServlet.doGet(DefaultServlet.java:173)
	at javax.servlet.http.HttpServlet.service(HttpServlet.java:686)
	at javax.servlet.http.HttpServlet.service(HttpServlet.java:791)
	at io.undertow.servlet.handlers.ServletHandler.handleRequest(ServletHandler.java:74)
	at io.undertow.servlet.handlers.FilterHandler$FilterChainImpl.doFilter(FilterHandler.java:129)
	at io.quarkus.resteasy.runtime.ResteasyFilter.doFilter(ResteasyFilter.java:43)
	at io.undertow.servlet.core.ManagedFilter.doFilter(ManagedFilter.java:61)
	at io.undertow.servlet.handlers.FilterHandler$FilterChainImpl.doFilter(FilterHandler.java:131)
	at io.undertow.servlet.handlers.FilterHandler.handleRequest(FilterHandler.java:84)
	at io.undertow.servlet.handlers.security.ServletSecurityRoleHandler.handleRequest(ServletSecurityRoleHandler.java:62)
	at io.undertow.servlet.handlers.ServletChain$1.handleRequest(ServletChain.java:68)
	at io.undertow.servlet.handlers.ServletDispatchingHandler.handleRequest(ServletDispatchingHandler.java:36)
	at io.undertow.servlet.handlers.security.SSLInformationAssociationHandler.handleRequest(SSLInformationAssociationHandler.java:132)
	at io.undertow.servlet.handlers.security.ServletAuthenticationCallHandler.handleRequest(ServletAuthenticationCallHandler.java:57)
	at io.undertow.server.handlers.PredicateHandler.handleRequest(PredicateHandler.java:43)
	at io.undertow.security.handlers.AbstractConfidentialityHandler.handleRequest(AbstractConfidentialityHandler.java:46)
	at io.undertow.servlet.handlers.security.ServletConfidentialityConstraintHandler.handleRequest(ServletConfidentialityConstraintHandler.java:64)
	at io.undertow.security.handlers.AuthenticationMechanismsHandler.handleRequest(AuthenticationMechanismsHandler.java:60)
	at io.undertow.servlet.handlers.security.CachedAuthenticatedSessionHandler.handleRequest(CachedAuthenticatedSessionHandler.java:77)
	at io.undertow.security.handlers.AbstractSecurityContextAssociationHandler.handleRequest(AbstractSecurityContextAssociationHandler.java:43)
	at io.undertow.server.handlers.PredicateHandler.handleRequest(PredicateHandler.java:43)
	at io.undertow.server.handlers.PredicateHandler.handleRequest(PredicateHandler.java:43)
	at io.undertow.servlet.handlers.ServletInitialHandler.handleFirstRequest(ServletInitialHandler.java:292)
	at io.undertow.servlet.handlers.ServletInitialHandler.access$100(ServletInitialHandler.java:81)
	at io.undertow.servlet.handlers.ServletInitialHandler$2.call(ServletInitialHandler.java:138)
	at io.undertow.servlet.handlers.ServletInitialHandler$2.call(ServletInitialHandler.java:135)
	at io.undertow.servlet.core.ServletRequestContextThreadSetupAction$1.call(ServletRequestContextThreadSetupAction.java:48)
	at io.undertow.servlet.core.ContextClassLoaderSetupAction$1.call(ContextClassLoaderSetupAction.java:43)
	at io.quarkus.undertow.runtime.UndertowDeploymentTemplate$7$1$1.call(UndertowDeploymentTemplate.java:415)
	at io.undertow.servlet.handlers.ServletInitialHandler.dispatchRequest(ServletInitialHandler.java:272)
	at io.undertow.servlet.handlers.ServletInitialHandler.handleRequest(ServletInitialHandler.java:197)
	at io.undertow.server.handlers.HttpContinueReadHandler.handleRequest(HttpContinueReadHandler.java:65)
	at io.quarkus.undertow.runtime.UndertowDeploymentTemplate$1.handleRequest(UndertowDeploymentTemplate.java:88)
	at io.undertow.server.handlers.CanonicalPathHandler.handleRequest(CanonicalPathHandler.java:49)
	at io.quarkus.undertow.deployment.devmode.UndertowHotReplacementSetup.handleHotDeploymentRequest(UndertowHotReplacementSetup.java:64)
	at io.quarkus.undertow.deployment.devmode.UndertowHotReplacementSetup$1$1.handleRequest(UndertowHotReplacementSetup.java:35)
	at io.undertow.server.Connectors.executeRootHandler(Connectors.java:364)
	at io.undertow.server.HttpServerExchange$1.run(HttpServerExchange.java:830)
	at org.jboss.threads.ContextClassLoaderSavingRunnable.run(ContextClassLoaderSavingRunnable.java:35)
	at org.jboss.threads.EnhancedQueueExecutor.safeRun(EnhancedQueueExecutor.java:1998)
	at org.jboss.threads.EnhancedQueueExecutor$ThreadBody.doRunTask(EnhancedQueueExecutor.java:1525)
	at org.jboss.threads.EnhancedQueueExecutor$ThreadBody.run(EnhancedQueueExecutor.java:1382)
	at java.base/java.lang.Thread.run(Thread.java:834)

2019-03-14 15:47:26,592 ruslans-mac-mini core-dev.jar[95830] INFO  [io.qua.dep.QuarkusAugmentor] (main) Beginning quarkus augmentation
2019-03-14 15:47:26,818 ruslans-mac-mini core-dev.jar[95830] DEBUG [org.jbo.threads] (main) JBoss Threads version 3.0.0.Alpha4
2019-03-14 15:47:27,420 ruslans-mac-mini core-dev.jar[95830] INFO  [io.qua.arc.pro.BeanProcessor] (build-4) Found unrecommended usage of private members (use package-private instead) in application beans:
	- @Inject field com.ruslanlesko.pichub.core.controller.PictureHandler#pictureDao
2019-03-14 15:47:27,603 ruslans-mac-mini core-dev.jar[95830] INFO  [io.qua.dep.QuarkusAugmentor] (main) Quarkus augmentation completed in 1011ms
2019-03-14 15:47:27,981 ruslans-mac-mini core-dev.jar[95830] DEBUG [org.xnio] (main) XNIO version 3.6.5.Final
2019-03-14 15:47:28,013 ruslans-mac-mini core-dev.jar[95830] DEBUG [org.xni.nio] (main) XNIO NIO Implementation Version 3.6.5.Final
2019-03-14 15:47:28,170 ruslans-mac-mini core-dev.jar[95830] INFO  [io.quarkus] (main) Quarkus 0.11.0 started in 1.720s. Listening on: http://127.0.0.1:8080
2019-03-14 15:47:28,171 ruslans-mac-mini core-dev.jar[95830] INFO  [io.quarkus] (main) Installed features: [cdi, resteasy]
2019-03-14 16:08:51,243 ruslans-mac-mini core-dev.jar[96092] INFO  [io.qua.dep.QuarkusAugmentor] (main) Beginning quarkus augmentation
2019-03-14 16:08:51,488 ruslans-mac-mini core-dev.jar[96092] DEBUG [org.jbo.threads] (main) JBoss Threads version 3.0.0.Alpha4
2019-03-14 16:08:52,163 ruslans-mac-mini core-dev.jar[96092] INFO  [io.qua.arc.pro.BeanProcessor] (build-10) Found unrecommended usage of private members (use package-private instead) in application beans:
	- @Inject field com.ruslanlesko.pichub.core.controller.PictureHandler#pictureDao
2019-03-14 16:08:52,384 ruslans-mac-mini core-dev.jar[96092] INFO  [io.qua.dep.QuarkusAugmentor] (main) Quarkus augmentation completed in 1141ms
2019-03-14 16:08:52,789 ruslans-mac-mini core-dev.jar[96092] DEBUG [org.xnio] (main) XNIO version 3.6.5.Final
2019-03-14 16:08:52,816 ruslans-mac-mini core-dev.jar[96092] DEBUG [org.xni.nio] (main) XNIO NIO Implementation Version 3.6.5.Final
2019-03-14 16:08:53,017 ruslans-mac-mini core-dev.jar[96092] INFO  [io.quarkus] (main) Quarkus 0.11.0 started in 1.920s. Listening on: http://127.0.0.1:8080
2019-03-14 16:08:53,018 ruslans-mac-mini core-dev.jar[96092] INFO  [io.quarkus] (main) Installed features: [cdi, resteasy]
2019-03-14 16:12:04,941 ruslans-mac-mini core-dev.jar[96145] INFO  [io.qua.dep.QuarkusAugmentor] (main) Beginning quarkus augmentation
2019-03-14 16:12:05,137 ruslans-mac-mini core-dev.jar[96145] DEBUG [org.jbo.threads] (main) JBoss Threads version 3.0.0.Alpha4
2019-03-14 16:12:05,736 ruslans-mac-mini core-dev.jar[96145] INFO  [io.qua.arc.pro.BeanProcessor] (build-1) Found unrecommended usage of private members (use package-private instead) in application beans:
	- @Inject field com.ruslanlesko.pichub.core.controller.PictureHandler#pictureDao
2019-03-14 16:12:05,930 ruslans-mac-mini core-dev.jar[96145] INFO  [io.qua.dep.QuarkusAugmentor] (main) Quarkus augmentation completed in 989ms
2019-03-14 16:12:06,330 ruslans-mac-mini core-dev.jar[96145] DEBUG [org.xnio] (main) XNIO version 3.6.5.Final
2019-03-14 16:12:06,350 ruslans-mac-mini core-dev.jar[96145] DEBUG [org.xni.nio] (main) XNIO NIO Implementation Version 3.6.5.Final
2019-03-14 16:12:06,498 ruslans-mac-mini core-dev.jar[96145] INFO  [io.quarkus] (main) Quarkus 0.11.0 started in 1.690s. Listening on: http://127.0.0.1:8080
2019-03-14 16:12:06,498 ruslans-mac-mini core-dev.jar[96145] INFO  [io.quarkus] (main) Installed features: [cdi, resteasy]
2019-03-14 16:33:28,259 ruslans-mac-mini core-dev.jar[96394] INFO  [io.qua.dep.QuarkusAugmentor] (main) Beginning quarkus augmentation
2019-03-14 16:33:28,469 ruslans-mac-mini core-dev.jar[96394] DEBUG [org.jbo.threads] (main) JBoss Threads version 3.0.0.Alpha4
2019-03-14 16:33:29,123 ruslans-mac-mini core-dev.jar[96394] INFO  [io.qua.arc.pro.BeanProcessor] (build-1) Found unrecommended usage of private members (use package-private instead) in application beans:
	- @Inject field com.ruslanlesko.pichub.core.controller.PictureHandler#pictureDao
2019-03-14 16:33:29,312 ruslans-mac-mini core-dev.jar[96394] INFO  [io.qua.dep.QuarkusAugmentor] (main) Quarkus augmentation completed in 1053ms
2019-03-14 16:33:29,686 ruslans-mac-mini core-dev.jar[96394] DEBUG [org.xnio] (main) XNIO version 3.6.5.Final
2019-03-14 16:33:29,708 ruslans-mac-mini core-dev.jar[96394] DEBUG [org.xni.nio] (main) XNIO NIO Implementation Version 3.6.5.Final
2019-03-14 16:33:29,847 ruslans-mac-mini core-dev.jar[96394] INFO  [io.quarkus] (main) Quarkus 0.11.0 started in 1.731s. Listening on: http://127.0.0.1:8080
2019-03-14 16:33:29,847 ruslans-mac-mini core-dev.jar[96394] INFO  [io.quarkus] (main) Installed features: [cdi, resteasy]
2019-03-14 16:34:23,862 ruslans-mac-mini core-dev.jar[96408] INFO  [io.qua.dep.QuarkusAugmentor] (main) Beginning quarkus augmentation
2019-03-14 16:34:24,048 ruslans-mac-mini core-dev.jar[96408] DEBUG [org.jbo.threads] (main) JBoss Threads version 3.0.0.Alpha4
2019-03-14 16:34:24,928 ruslans-mac-mini core-dev.jar[96408] INFO  [io.qua.arc.pro.BeanProcessor] (build-3) Found unrecommended usage of private members (use package-private instead) in application beans:
	- @Inject field com.ruslanlesko.pichub.core.controller.PictureHandler#pictureDao
2019-03-14 16:34:25,122 ruslans-mac-mini core-dev.jar[96408] INFO  [io.qua.dep.QuarkusAugmentor] (main) Quarkus augmentation completed in 1260ms
2019-03-14 16:34:25,435 ruslans-mac-mini core-dev.jar[96408] DEBUG [org.xnio] (main) XNIO version 3.6.5.Final
2019-03-14 16:34:25,448 ruslans-mac-mini core-dev.jar[96408] DEBUG [org.xni.nio] (main) XNIO NIO Implementation Version 3.6.5.Final
2019-03-14 16:34:25,564 ruslans-mac-mini core-dev.jar[96408] INFO  [io.quarkus] (main) Quarkus 0.11.0 started in 1.831s. Listening on: http://127.0.0.1:8080
2019-03-14 16:34:25,565 ruslans-mac-mini core-dev.jar[96408] INFO  [io.quarkus] (main) Installed features: [cdi, resteasy]
2019-03-14 17:10:57,640 ruslans-mac-mini core-dev.jar[97186] INFO  [io.qua.dep.QuarkusAugmentor] (main) Beginning quarkus augmentation
2019-03-14 17:10:57,884 ruslans-mac-mini core-dev.jar[97186] DEBUG [org.jbo.threads] (main) JBoss Threads version 3.0.0.Alpha4
2019-03-14 17:10:58,552 ruslans-mac-mini core-dev.jar[97186] INFO  [io.qua.arc.pro.BeanProcessor] (build-4) Found unrecommended usage of private members (use package-private instead) in application beans:
	- @Inject field com.ruslanlesko.pichub.core.controller.PictureHandler#pictureDao
2019-03-14 17:10:58,853 ruslans-mac-mini core-dev.jar[97186] INFO  [io.qua.dep.QuarkusAugmentor] (main) Quarkus augmentation completed in 1213ms
2019-03-14 17:10:59,422 ruslans-mac-mini core-dev.jar[97186] DEBUG [org.xnio] (main) XNIO version 3.6.5.Final
2019-03-14 17:10:59,454 ruslans-mac-mini core-dev.jar[97186] DEBUG [org.xni.nio] (main) XNIO NIO Implementation Version 3.6.5.Final
2019-03-14 17:10:59,652 ruslans-mac-mini core-dev.jar[97186] INFO  [io.quarkus] (main) Quarkus 0.11.0 started in 2.190s. Listening on: http://127.0.0.1:8080
2019-03-14 17:10:59,653 ruslans-mac-mini core-dev.jar[97186] INFO  [io.quarkus] (main) Installed features: [cdi, resteasy]
